<?xml version="1.0" encoding="utf-8"?><testsuites name="pytest tests"><testsuite name="pytest" errors="0" failures="0" skipped="0" tests="15" time="2.876" timestamp="2026-04-10T05:34:17.446279+00:00" hostname="agent-env-e33044ed-82c2-4c31-bab4-3a47b2c9031d"><testcase classname="backend.tests.test_rudralife.TestHealth" name="test_root_api" time="0.249" /><testcase classname="backend.tests.test_rudralife.TestAuth" name="test_admin_login_success" time="0.326" /><testcase classname="backend.tests.test_rudralife.TestAuth" name="test_admin_login_invalid_credentials" time="0.359" /><testcase classname="backend.tests.test_rudralife.TestAuth" name="test_admin_login_wrong_email" time="0.118" /><testcase classname="backend.tests.test_rudralife.TestAuth" name="test_get_me_with_valid_token" time="0.476" /><testcase classname="backend.tests.test_rudralife.TestAuth" name="test_get_me_without_token" time="0.109" /><testcase classname="backend.tests.test_rudralife.TestFormSubmit" name="test_form_submit_success" time="0.145" /><testcase classname="backend.tests.test_rudralife.TestFormSubmit" name="test_form_result_retrieval" time="0.141" /><testcase classname="backend.tests.test_rudralife.TestFormSubmit" name="test_form_result_not_found" time="0.140" /><testcase classname="backend.tests.test_rudralife.TestFormSubmit" name="test_form_submit_without_privacy_agreed" time="0.106" /><testcase classname="backend.tests.test_rudralife.TestFormSubmit" name="test_form_submit_missing_required_fields" time="0.113" /><testcase classname="backend.tests.test_rudralife.TestAdminRoutes" name="test_get_submissions_authenticated" time="0.107" /><testcase classname="backend.tests.test_rudralife.TestAdminRoutes" name="test_get_stats_authenticated" time="0.107" /><testcase classname="backend.tests.test_rudralife.TestAdminRoutes" name="test_get_submissions_unauthenticated" time="0.103" /><testcase classname="backend.tests.test_rudralife.TestAdminRoutes" name="test_get_stats_unauthenticated" time="0.110" /></testsuite></testsuites>