<?xml version="1.0" encoding="utf-8"?><testsuites name="pytest tests"><testsuite name="pytest" errors="0" failures="0" skipped="0" tests="10" time="2.320" timestamp="2026-04-25T06:45:49.914401+00:00" hostname="agent-env-e33044ed-82c2-4c31-bab4-3a47b2c9031d"><testcase classname="backend.tests.test_admin_dashboard" name="test_admin_login_success" time="0.554" /><testcase classname="backend.tests.test_admin_dashboard" name="test_admin_login_wrong_password" time="0.379" /><testcase classname="backend.tests.test_admin_dashboard" name="test_get_stats" time="0.478" /><testcase classname="backend.tests.test_admin_dashboard" name="test_get_submissions" time="0.103" /><testcase classname="backend.tests.test_admin_dashboard" name="test_get_submissions_no_auth" time="0.101" /><testcase classname="backend.tests.test_admin_dashboard" name="test_filter_by_date" time="0.106" /><testcase classname="backend.tests.test_admin_dashboard" name="test_filter_by_gender_male" time="0.110" /><testcase classname="backend.tests.test_admin_dashboard" name="test_export_all_data" time="0.109" /><testcase classname="backend.tests.test_admin_dashboard" name="test_export_with_filters" time="0.102" /><testcase classname="backend.tests.test_admin_dashboard" name="test_export_no_auth" time="0.105" /></testsuite></testsuites>